  [4;36;1mSQL (0.075175)[0m   [0;1mSET SQL_AUTO_IS_NULL=0[0m
  [4;35;1mSQL (0.070854)[0m   [0mSHOW TABLES[0m
  [4;36;1mSQL (1.237770)[0m   [0;1mCREATE TABLE `schema_migrations` (`version` varchar(255) NOT NULL) ENGINE=InnoDB[0m
  [4;35;1mSQL (0.709629)[0m   [0mCREATE UNIQUE INDEX `unique_schema_migrations` ON `schema_migrations` (`version`)[0m
  [4;36;1mSQL (0.000469)[0m   [0;1mSHOW TABLES[0m
  [4;35;1mSQL (0.004873)[0m   [0mSELECT version FROM schema_migrations[0m
Migrating to CreateAdmins (20081022090202)
  [4;36;1mSQL (0.079356)[0m   [0;1mSHOW TABLES[0m
  [4;35;1mSQL (0.247087)[0m   [0mCREATE TABLE `admins` (`id` int(11) DEFAULT NULL auto_increment PRIMARY KEY, `login` varchar(40), `crypted_password` varchar(40), `salt` varchar(40), `created_at` datetime, `updated_at` datetime, `remember_token` varchar(40), `remember_token_expires_at` datetime, `superadmin` tinyint(1) DEFAULT 0, `personnel_id` int(11)) ENGINE=InnoDB[0m
  [4;36;1mSQL (0.136421)[0m   [0;1mCREATE UNIQUE INDEX `index_admins_on_login` ON `admins` (`login`)[0m
  [4;35;1mSQL (0.000755)[0m   [0mINSERT INTO schema_migrations (version) VALUES ('20081022090202')[0m
  [4;36;1mSQL (0.000597)[0m   [0;1mSHOW TABLES[0m
  [4;35;1mSQL (0.000165)[0m   [0mSELECT version FROM schema_migrations[0m
  [4;36;1mSQL (0.000130)[0m   [0;1mSHOW TABLES[0m
  [4;35;1mSQL (0.264955)[0m   [0mSHOW FIELDS FROM `admins`[0m
  [4;36;1mSQL (0.001529)[0m   [0;1mdescribe `admins`[0m
  [4;35;1mSQL (0.000741)[0m   [0mSHOW KEYS FROM `admins`[0m


Processing DashboardController#index (for 127.0.0.1 at 2008-10-22 17:16:58) [GET]
  Session ID: a7c5a4edfe250c62cebd6fc467ebca28
  Parameters: {"action"=>"index", "controller"=>"dashboard"}
  [4;36;1mSQL (0.040527)[0m   [0;1mSET SQL_AUTO_IS_NULL=0[0m
Redirected to http://localhost:3000/session/new
Filter chain halted as [:login_required] rendered_or_redirected.
Completed in 0.00119 (839 reqs/sec) | DB: 0.04053 (3402%) | 302 Found [http://localhost/]


Processing SessionsController#new (for 127.0.0.1 at 2008-10-22 17:16:58) [GET]
  Session ID: BAh7BzoOcmV0dXJuX3RvIgYvIgpmbGFzaElDOidBY3Rpb25Db250cm9sbGVy
OjpGbGFzaDo6Rmxhc2hIYXNoewAGOgpAdXNlZHsA--0b8bfeb52c3051adf2e9929e8437ea8d01b7634e
  Parameters: {"action"=>"new", "controller"=>"sessions"}
Rendering sessions/new
Completed in 0.00717 (139 reqs/sec) | Rendering: 0.00280 (39%) | DB: 0.00000 (0%) | 200 OK [http://localhost/session/new]
